<?xml version="1.0" encoding="UTF-8"?>
<testsuite name="com.sekohan.sekohanback.repository.userRepositoryTests" tests="1" skipped="0" failures="0" errors="0" timestamp="2023-10-20T08:07:20" hostname="DESKTOP-4ICJHRT" time="0.524">
  <properties/>
  <testcase name="insertUser()" classname="com.sekohan.sekohanback.repository.userRepositoryTests" time="0.524"/>
  <system-out><![CDATA[17:07:16.631 [Test worker] INFO org.springframework.test.context.support.AnnotationConfigContextLoaderUtils -- Could not detect default configuration classes for test class [com.sekohan.sekohanback.repository.userRepositoryTests]: userRepositoryTests does not declare any static, non-private, non-final, nested classes annotated with @Configuration.
17:07:16.743 [Test worker] INFO org.springframework.boot.test.context.SpringBootTestContextBootstrapper -- Found @SpringBootConfiguration com.sekohan.sekohanback.SekohanBackApplication for test class com.sekohan.sekohanback.repository.userRepositoryTests

  .   ____          _            __ _ _
 /\\ / ___'_ __ _ _(_)_ __  __ _ \ \ \ \
( ( )\___ | '_ | '_| | '_ \/ _` | \ \ \ \
 \\/  ___)| |_)| | | | | || (_| |  ) ) ) )
  '  |____| .__|_| |_|_| |_\__, | / / / /
 =========|_|==============|___/=/_/_/_/
 :: Spring Boot ::                (v3.1.4)

2023-10-20T17:07:17.152+09:00  INFO 16900 --- [    Test worker] c.s.s.repository.userRepositoryTests     : Starting userRepositoryTests using Java 17.0.7 with PID 16900 (started by DongHan in C:\Users\DongHan\Desktop\project\sekohan-back)
2023-10-20T17:07:17.153+09:00  INFO 16900 --- [    Test worker] c.s.s.repository.userRepositoryTests     : No active profile set, falling back to 1 default profile: "default"
2023-10-20T17:07:17.762+09:00  INFO 16900 --- [    Test worker] .s.d.r.c.RepositoryConfigurationDelegate : Bootstrapping Spring Data JPA repositories in DEFAULT mode.
2023-10-20T17:07:17.830+09:00  INFO 16900 --- [    Test worker] .s.d.r.c.RepositoryConfigurationDelegate : Finished Spring Data repository scanning in 58 ms. Found 1 JPA repository interfaces.
2023-10-20T17:07:18.378+09:00  INFO 16900 --- [    Test worker] o.hibernate.jpa.internal.util.LogHelper  : HHH000204: Processing PersistenceUnitInfo [name: default]
2023-10-20T17:07:18.433+09:00  INFO 16900 --- [    Test worker] org.hibernate.Version                    : HHH000412: Hibernate ORM core version 6.2.9.Final
2023-10-20T17:07:18.436+09:00  INFO 16900 --- [    Test worker] org.hibernate.cfg.Environment            : HHH000406: Using bytecode reflection optimizer
2023-10-20T17:07:18.577+09:00  INFO 16900 --- [    Test worker] o.h.b.i.BytecodeProviderInitiator        : HHH000021: Bytecode provider name : bytebuddy
2023-10-20T17:07:18.721+09:00  INFO 16900 --- [    Test worker] o.s.o.j.p.SpringPersistenceUnitInfo      : No LoadTimeWeaver setup: ignoring JPA class transformer
2023-10-20T17:07:18.740+09:00  INFO 16900 --- [    Test worker] com.zaxxer.hikari.HikariDataSource       : HikariPool-1 - Starting...
2023-10-20T17:07:18.958+09:00  INFO 16900 --- [    Test worker] com.zaxxer.hikari.pool.HikariPool        : HikariPool-1 - Added connection oracle.jdbc.driver.T4CConnection@5df64b2a
2023-10-20T17:07:18.959+09:00  INFO 16900 --- [    Test worker] com.zaxxer.hikari.HikariDataSource       : HikariPool-1 - Start completed.
2023-10-20T17:07:18.978+09:00  WARN 16900 --- [    Test worker] org.hibernate.orm.deprecation            : HHH90000026: Oracle12cDialect has been deprecated; use org.hibernate.dialect.OracleDialect instead
2023-10-20T17:07:19.308+09:00  INFO 16900 --- [    Test worker] o.h.b.i.BytecodeProviderInitiator        : HHH000021: Bytecode provider name : bytebuddy
2023-10-20T17:07:19.907+09:00  INFO 16900 --- [    Test worker] o.h.e.t.j.p.i.JtaPlatformInitiator       : HHH000490: Using JtaPlatform implementation: [org.hibernate.engine.transaction.jta.platform.internal.NoJtaPlatform]
2023-10-20T17:07:19.910+09:00  INFO 16900 --- [    Test worker] j.LocalContainerEntityManagerFactoryBean : Initialized JPA EntityManagerFactory for persistence unit 'default'
2023-10-20T17:07:20.436+09:00  WARN 16900 --- [    Test worker] JpaBaseConfiguration$JpaWebConfiguration : spring.jpa.open-in-view is enabled by default. Therefore, database queries may be performed during view rendering. Explicitly configure spring.jpa.open-in-view to disable this warning
2023-10-20T17:07:20.929+09:00  INFO 16900 --- [    Test worker] c.s.s.repository.userRepositoryTests     : Started userRepositoryTests in 4.027 seconds (process running for 5.187)
Hibernate: 
    select
        sequence_attr_reply.nextval 
    from
        dual
Hibernate: 
    insert 
    into
        tb_user
        (email,login_id,name,nick_name,passowrd,report_conut,user_id) 
    values
        (?,?,?,?,?,?,?)
]]></system-out>
  <system-err><![CDATA[]]></system-err>
</testsuite>
